
/home/runner/work/exp-youngs-double-slit-dei/exp-youngs-double-slit-dei/experiment/simulation/script.js
    5:7   warning  'c' is assigned a value but never used           no-unused-vars
    8:5   warning  'x' is assigned a value but never used           no-unused-vars
    9:7   warning  'peaks' is assigned a value but never used       no-unused-vars
   13:10  warning  'source' is defined but never used               no-unused-vars
   13:17  warning  'n' is defined but never used                    no-unused-vars
   62:10  warning  'drawSlits' is defined but never used            no-unused-vars
   68:9   warning  'img' is assigned a value but never used         no-unused-vars
  112:7   warning  'pattern' is assigned a value but never used     no-unused-vars
  197:7   warning  'sigma' is assigned a value but never used       no-unused-vars
  252:7   warning  't' is not defined                               no-undef
  253:33  warning  't' is not defined                               no-undef
  274:9   warning  'sigma' is assigned a value but never used       no-unused-vars
  278:9   warning  'p' is assigned a value but never used           no-unused-vars
  330:7   warning  't2' is not defined                              no-undef
  331:33  warning  't2' is not defined                              no-undef
  350:9   warning  'sigma' is assigned a value but never used       no-unused-vars
  395:10  warning  'animation1' is defined but never used           no-unused-vars
  426:7   warning  'sigma' is assigned a value but never used       no-unused-vars
  475:7   warning  'intersity2' is assigned a value but never used  no-unused-vars
  493:3   warning  'intensity2' is not defined                      no-undef

✖ 20 problems (0 errors, 20 warnings)

